[17:17:23] INFO  (AchieveProperties.java:41) - {threadCount=3, retriesCount=1, shortWait=35, gridHost=http://169.254.232.220:4444/wd/hub, headlessMode=false, screenshotsDir=, browserType=chrome, longWait=35, envUrl=https://trunk.qa-esc.portal.achieve3000.com, gridMode=false}
[17:17:23] INFO  (AchieveProperties.java:43) - https://trunk.qa-esc.portal.achieve3000.com
[17:17:23] INFO  (BasicTestCase.java:66) - browser url set from properties file: https://trunk.qa-esc.portal.achieve3000.com
[17:17:23] INFO  (BasicTestCase.java:69) - browser type set from properties file: chrome
[17:17:23] INFO  (BasicTestCase.java:75) - grid mode set from properties file:false
[17:17:23] INFO  (BasicTestCase.java:76) - grid host set from properties file:http://169.254.232.220:4444/wd/hub
[17:17:23] INFO  (BasicTestCase.java:79) - Headless Mode set to false
[17:17:23] DEBUG (BasicTestCase.java:109) - Finished before suite
[17:17:23] TRACE (BasicTestCase.java:44) - Starting test verify5StepLessons
[17:17:23] INFO  (BasicTestCase.java:116) - Setting the browser up
[17:17:23] INFO  (BasicTestCase.java:131) -  Executing on CHROME
[17:17:23] INFO  (BasicTestCase.java:126) - Opening https://trunk.qa-esc.portal.achieve3000.com
[17:17:34] DEBUG (BasicTestCase.java:52) - Browser's set up. Starting test.
[17:17:34] INFO  (FiveStep_teacher.java:100) - Language is set to English
[17:17:34] INFO  (FiveStep_teacher.java:113) - Login with credentials kidbizteach.one\kidbizteach.one
[17:17:36] INFO  (LoginPage.java:257) - Login with credentials kidbizteach.one\kidbizteach.one
[17:17:36] INFO  (LoginPage.java:96) - Type in username: kidbizteach.one
[17:17:36] INFO  (LoginPage.java:103) - Type in password: kidbizteach.one
[17:17:37] DEBUG (LoginPage.java:236) - falsehttps://trunk.qa-esc.portal.achieve3000.com/index
[17:17:37] INFO  (Page.java:59) - Try to execute Close Walkme
[17:17:43] INFO  (Page.java:59) - Try to execute Close Walkme
[17:17:44] INFO  (Page.java:366) - Opening My Lesson page
[17:17:44] INFO  (Page.java:294) - Opening new page: https://trunk.qa-esc.portal.achieve3000.com/my_lessons
[17:17:47] INFO  (Page.java:380) - Switch to Next window
[17:17:47] DEBUG (Page.java:381) - Switching from window Achieve3000: My Lessons
[17:17:49] DEBUG (Page.java:387) - Switched to window Achieve3000: Course Details
[17:17:49] INFO  (Page.java:549) - Switch Back after close
[17:17:57] INFO  (FiveStep_teacher.java:127) - Opening any not started lesson
[17:17:57] INFO  (Page.java:294) - Opening new page: https://trunk.qa-esc.portal.achieve3000.com/my_lessons?sort=step1&sort=focus&sort_dir=desc&page_index=1
[17:18:02] INFO  (Page.java:230) - Click on element <a class="title" href="/kb/lesson/?lid=15235&c=62" onclick="a3k.change_class('3933249', '3933249');">Caught on Video</a>
[17:18:03] DEBUG (Page.java:197) - Trying to click on locator via JS <a class="title" href="/kb/lesson/?lid=15235&c=62" onclick="a3k.change_class('3933249', '3933249');">Caught on Video</a>
[17:18:10] DEBUG (Page.java:197) - Element was clicked via JS java.lang.IndexOutOfBoundsException: Index: 0, Size: 0
[17:18:10] INFO  (MyLessons.java:120) - Open lesson with id = 15235
[17:18:12] INFO  (FiveStep_teacher.java:140) - Complete 'Before Reading' form
[17:18:12] DEBUG (Page.java:191) - Try to FIND element  By.id: textarea-step10page1response1_ifr
[17:18:12] DEBUG (Page.java:191) - Try to FIND element   .//*[(@name='response') or (@id='tinymce') or (@id='textarea-step10page1response1')]
[17:18:13] DEBUG (Page.java:191) - Try to FIND element   //li[contains(@onclick,'a3k.poll.select_poll_choice')]
[17:18:13] INFO  (Page.java:213) - Click on element By.id: pollSubmit-step10page1
[17:18:13] INFO  (Page.java:675) - Wait until element By.id: pollSubmit-step10page1 clickable
[17:18:13] DEBUG (Page.java:191) - Trying to click on locator via JS By.id: pollSubmit-step10page1
[17:18:13] DEBUG (Page.java:191) - Element was clicked via JS By.id: pollSubmit-step10page1
[17:18:13] INFO  (Page.java:213) - Click on element By.xpath: //div[contains(@class,'next_tab')]/a
[17:18:13] INFO  (Page.java:59) - Try to execute Close Walkme
[17:18:13] INFO  (Page.java:675) - Wait until element By.xpath: //div[contains(@class,'next_tab')]/a clickable
[17:18:13] DEBUG (Page.java:191) - Trying to click on locator via JS  //div[contains(@class,'next_tab')]/a
[17:18:17] DEBUG (Page.java:191) - Element was clicked via JS  //div[contains(@class,'next_tab')]/a
[17:18:17] INFO  (FiveStep_teacher.java:149) - Before Reading form has been submitted
[17:18:17] INFO  (FiveStep_teacher.java:154) - Verify vocabulary
[17:18:19] INFO  (FiveStep_teacher.java:160) - Verify Reading Connections section
[17:18:20] DEBUG (Lesson.java:863) - Trying to click on element <div class="rcSubImage rcSubImage_off" id="rc0_child1-image">SUMMARIZE</div>
[17:18:20] DEBUG (Lesson.java:864) - Opening section <div class="rcSubImage rcSubImage_off" id="rc0_child1-image">SUMMARIZE</div>
[17:18:20] INFO  (Lesson.java:871) - Type text 'Test Reading Connections' to input
[17:18:21] INFO  (Lesson.java:876) - Saving...
[17:18:21] DEBUG (Lesson.java:863) - Trying to click on element <div class="rcSubImage rcSubImage_off" id="rc0_child2-image">GENERATE QUESTIONS</div>
[17:18:22] DEBUG (Lesson.java:864) - Opening section <div class="rcSubImage rcSubImage_off" id="rc0_child2-image">GENERATE QUESTIONS</div>
[17:18:22] INFO  (Lesson.java:871) - Type text 'Test Reading Connections' to input
[17:18:23] INFO  (Lesson.java:876) - Saving...
[17:18:23] DEBUG (Lesson.java:863) - Trying to click on element <div class="rcSubImage rcSubImage_off" id="rc0_child3-image">SETTING THE PURPOSE</div>
[17:18:23] DEBUG (Lesson.java:864) - Opening section <div class="rcSubImage rcSubImage_off" id="rc0_child3-image">SETTING THE PURPOSE</div>
[17:18:24] INFO  (Lesson.java:871) - Type text 'Test Reading Connections' to input
[17:18:25] INFO  (Lesson.java:876) - Saving...
[17:18:25] DEBUG (FiveStep_teacher.java:218) - Started verifying article tab
[17:18:26] DEBUG (FiveStep_teacher.java:230) - Finished verifying article page
[17:18:26] INFO  (Page.java:213) - Click on element By.xpath: //li[contains(@onclick,'view_page(14, 1)')]/div
[17:18:26] INFO  (Page.java:675) - Wait until element By.xpath: //li[contains(@onclick,'view_page(14, 1)')]/div clickable
[17:18:26] DEBUG (Page.java:191) - Trying to click on locator via JS  //li[contains(@onclick,'view_page(14, 1)')]/div
[17:18:30] DEBUG (Page.java:191) - Element was clicked via JS  //li[contains(@onclick,'view_page(14, 1)')]/div
[17:18:31] INFO  (FiveStep_teacher.java:166) - Verifying Activity Page
[17:18:31] DEBUG (Page.java:191) - Wait visibility of element   //*[@ng-click='submitHandler()']
[17:18:32] DEBUG (Page.java:191) - Try to FIND element   //*[@class='footer progressBarFooter']/span
[17:18:35] INFO  (Lesson.java:555) - Click on answer 0
[17:18:36] INFO  (Page.java:156) - Wait For JS and JQuery load.
[17:18:38] INFO  (Lesson.java:555) - Click on answer 0
[17:18:39] INFO  (Page.java:156) - Wait For JS and JQuery load.
[17:18:41] INFO  (Lesson.java:555) - Click on answer 0
[17:18:42] INFO  (Page.java:156) - Wait For JS and JQuery load.
[17:18:43] INFO  (Lesson.java:555) - Click on answer 0
[17:18:44] INFO  (Page.java:156) - Wait For JS and JQuery load.
[17:18:46] INFO  (Lesson.java:555) - Click on answer 0
[17:18:47] INFO  (Page.java:156) - Wait For JS and JQuery load.
[17:18:49] INFO  (Lesson.java:555) - Click on answer 0
[17:18:49] INFO  (Page.java:156) - Wait For JS and JQuery load.
[17:18:51] INFO  (Lesson.java:555) - Click on answer 0
[17:18:52] INFO  (Page.java:156) - Wait For JS and JQuery load.
[17:18:54] INFO  (Lesson.java:555) - Click on answer 0
[17:18:55] INFO  (Page.java:156) - Wait For JS and JQuery load.
[17:18:56] INFO  (Lesson.java:555) - Click on answer 0
[17:18:57] INFO  (Page.java:156) - Wait For JS and JQuery load.
[17:18:59] INFO  (Lesson.java:555) - Click on answer 0
[17:19:00] INFO  (Page.java:156) - Wait For JS and JQuery load.
[17:19:02] INFO  (Lesson.java:555) - Click on answer 0
[17:19:03] INFO  (Page.java:156) - Wait For JS and JQuery load.
[17:19:05] INFO  (Lesson.java:555) - Click on answer 0
[17:19:06] INFO  (Page.java:156) - Wait For JS and JQuery load.
[17:19:07] INFO  (Lesson.java:555) - Click on answer 0
[17:19:08] INFO  (Page.java:156) - Wait For JS and JQuery load.
[17:19:10] INFO  (Lesson.java:555) - Click on answer 0
[17:19:11] INFO  (Page.java:156) - Wait For JS and JQuery load.
[17:19:13] INFO  (Page.java:213) - Click on element By.xpath: //button[contains(@class,'view-results')] | //input[contains(@id,'view_results-')]
[17:19:13] INFO  (Page.java:675) - Wait until element By.xpath: //button[contains(@class,'view-results')] | //input[contains(@id,'view_results-')] clickable
[17:19:13] DEBUG (Page.java:191) - Trying to click on locator via JS  //button[contains(@class,'view-results')] | //input[contains(@id,'view_results-')]
[17:19:16] DEBUG (Page.java:191) - Element was clicked via JS  //button[contains(@class,'view-results')] | //input[contains(@id,'view_results-')]
[17:19:16] INFO  (FiveStep_teacher.java:60) - Go to next tab
[17:19:33] INFO  (FiveStep_teacher.java:235) - Verifying After Reading Poll tab
[17:19:35] INFO  (FiveStep_teacher.java:63) - Submit After Reading poll
[17:19:35] INFO  (Page.java:213) - Click on element By.id: pollSubmit-step15page1
[17:19:35] INFO  (Page.java:675) - Wait until element By.id: pollSubmit-step15page1 clickable
[17:19:35] DEBUG (Page.java:191) - Trying to click on locator via JS By.id: pollSubmit-step15page1
[17:19:35] DEBUG (Page.java:191) - Element was clicked via JS By.id: pollSubmit-step15page1
[17:19:36] INFO  (FiveStep_teacher.java:67) - Go to next tab
[17:19:42] INFO  (FiveStep_teacher.java:252) - Verifying 'Finish later'
[17:19:43] DEBUG (Page.java:191) - Try to FIND element  By.id: textarea-step16page1q1response1_ifr
[17:19:44] DEBUG (Page.java:191) - Try to FIND element   .//*[@class='tiny submission_textarea' or @id = 'tinymce']
[17:20:21] DEBUG (Page.java:191) - Try to FIND element  By.id: textarea-step16page1q1response1_ifr
[17:20:22] DEBUG (Page.java:191) - Try to FIND element   .//*[@class='tiny submission_textarea' or @id = 'tinymce']
[17:20:29] INFO  (FiveStep_teacher.java:262) - Verifying 'Submit Button'
[17:20:29] DEBUG (Page.java:191) - Try to FIND element   //div[@class='responseContainer' or @class='responseContainer ']//iframe
[17:20:29] DEBUG (Page.java:191) - Try to FIND element   .//*[@class='tiny submission_textarea' or @id = 'tinymce']
[17:20:35] INFO  (FiveStep_teacher.java:73) - Create new draft
[17:20:35] INFO  (FiveStep_teacher.java:262) - Verifying 'Submit Button'
[17:20:35] DEBUG (Page.java:191) - Try to FIND element   //div[@class='responseContainer' or @class='responseContainer ']//iframe
[17:20:35] DEBUG (Page.java:191) - Try to FIND element   .//*[@class='tiny submission_textarea' or @id = 'tinymce']
[17:20:43] INFO  (FiveStep_teacher.java:272) - Verifying Math Tab
[17:20:45] INFO  (FiveStep_teacher.java:299) - Submit Math lesson
[17:20:46] INFO  (FiveStep_teacher.java:325) - Finally answered correctly
[17:20:46] INFO  (FiveStep_teacher.java:304) - Click on 'View Results' button on Math Page
[17:20:48] INFO  (FiveStep_teacher.java:307) - Math lesson verified
[17:23:13] INFO  (FiveStep_teacher.java:330) - Verify Stretch Tab
[17:23:13] DEBUG (Page.java:191) - Try to FIND element  By.id: textarea-step16page1q1response1_ifr
[17:24:08] DEBUG (Page.java:191) - Try to FIND element  By.id: textarea-step16page1q1response1_ifr
[17:25:10] DEBUG (Page.java:191) - Try to FIND element  By.id: textarea-step16page1q1response1_ifr
[17:25:33] INFO  (FiveStep_teacher.java:166) - Verifying Activity Page
[17:25:33] DEBUG (Page.java:191) - Wait visibility of element   //*[@ng-click='submitHandler()']
[17:25:33] DEBUG (Page.java:191) - Try to FIND element   //*[@class='footer progressBarFooter']/span
[17:25:35] DEBUG (Page.java:191) - Try to FIND element  By.id: textarea-step16page1q1response1_ifr
[17:26:50] INFO  (Lesson.java:555) - Click on answer 0
