[17:32:49] INFO  (AchieveProperties.java:41) - {threadCount=3, retriesCount=1, shortWait=35, gridHost=http://169.254.232.220:4444/wd/hub, headlessMode=false, screenshotsDir=, browserType=chrome, longWait=35, envUrl=https://trunk.qa-esc.portal.achieve3000.com, gridMode=false}
[17:32:49] INFO  (AchieveProperties.java:43) - https://trunk.qa-esc.portal.achieve3000.com
[17:32:49] INFO  (BasicTestCase.java:62) - browser url set from properties file: https://trunk.qa-esc.portal.achieve3000.com
[17:32:49] INFO  (BasicTestCase.java:65) - browser type set from properties file: chrome
[17:32:49] INFO  (BasicTestCase.java:71) - grid mode set from properties file:false
[17:32:49] INFO  (BasicTestCase.java:72) - grid host set from properties file:http://169.254.232.220:4444/wd/hub
[17:32:49] INFO  (BasicTestCase.java:75) - Headless Mode set to false
[17:32:49] DEBUG (BasicTestCase.java:105) - Finished before suite
[17:32:49] TRACE (BasicTestCase.java:42) - Starting test testAdmin
[17:32:49] INFO  (BasicTestCase.java:112) - Setting the browser up
[17:32:49] INFO  (BasicTestCase.java:127) -  Executing on CHROME
[17:32:49] INFO  (BasicTestCase.java:122) - Opening https://trunk.qa-esc.portal.achieve3000.com
[17:33:14] DEBUG (BasicTestCase.java:48) - Browser's set up. Starting test.
[17:33:15] INFO  (A3k_Admin.java:352) - Login with credentials kidbizteach.one\kidbizteach.one
[17:33:15] INFO  (LoginPage.java:251) - Login with credentials kidbizteach.one\kidbizteach.one
[17:33:15] INFO  (LoginPage.java:97) - Type in username: kidbizteach.one
[17:33:15] INFO  (LoginPage.java:104) - Type in password: kidbizteach.one
[17:33:16] DEBUG (LoginPage.java:230) - falsehttps://trunk.qa-esc.portal.achieve3000.com/index
[17:33:16] INFO  (Page.java:45) - Try to execute Close Walkme
[17:33:17] DEBUG (Page.java:161) - Try to FIND element  By.id: active_class
[17:33:51] INFO  (LoginPage.java:316) -  Stop login 
[17:33:51] INFO  (Page.java:601) - Opening Admin Page
[17:33:51] INFO  (Page.java:183) - Click on element By.xpath: .//*[@data-dropdown='#teacher-settings-dropdown']
[17:33:51] DEBUG (Page.java:161) - Trying to click on locator via JS  .//*[@data-dropdown='#teacher-settings-dropdown']
[17:33:51] DEBUG (Page.java:161) - Element was clicked via JS  .//*[@data-dropdown='#teacher-settings-dropdown']
[17:33:51] INFO  (Page.java:183) - Click on element By.xpath: .//a[@href='/kb/loader_admin/' or @href='/admin/settings' or @id='adminMenuItem' or contains(@href,'admin_section=1')]
[17:33:51] DEBUG (Page.java:161) - Trying to click on locator via JS  .//a[@href='/kb/loader_admin/' or @href='/admin/settings' or @id='adminMenuItem' or contains(@href,'admin_section=1')]
[17:34:02] DEBUG (Page.java:161) - Element was clicked via JS  .//a[@href='/kb/loader_admin/' or @href='/admin/settings' or @id='adminMenuItem' or contains(@href,'admin_section=1')]
[17:34:02] INFO  (A3k_Admin.java:340) - Open Create new class Wizard
[17:34:02] INFO  (AdminPage.java:98) - Opening 'Create New Class' wizard
[17:34:02] INFO  (Page.java:588) - Switch to Next window
[17:34:02] DEBUG (Page.java:589) - Switching from handle CDwindow-C10681298F07C77ACF08B4D4BA9F8FA6
[17:34:02] DEBUG (Page.java:590) - Handles before [CDwindow-C10681298F07C77ACF08B4D4BA9F8FA6, CDwindow-2D8EFB0D249218906C1074139544250D]
[17:34:02] DEBUG (Page.java:594) - Handles after[CDwindow-C10681298F07C77ACF08B4D4BA9F8FA6, CDwindow-2D8EFB0D249218906C1074139544250D]
[17:34:02] DEBUG (Page.java:595) - Switched to handle CDwindow-2D8EFB0D249218906C1074139544250D
[17:34:02] INFO  (A3k_Admin.java:344) - 'Create new class' wizard opened
[17:34:02] INFO  (SetupWizardPage.java:21) - Wait until page is loaded
[17:34:13] DEBUG (Page.java:525) - Closing window handle CDwindow-2D8EFB0D249218906C1074139544250D
[17:34:13] DEBUG (Page.java:529) - Currently on window handle CDwindow-C10681298F07C77ACF08B4D4BA9F8FA6
[17:34:13] INFO  (A3k_Admin.java:148) - Verify Class editor
[17:34:13] INFO  (A3k_Admin.java:150) - Open 'Class Information' editor
[17:34:13] DEBUG (BasicTestCase.java:224) - Finishing test
[17:34:13] TRACE (BasicTestCase.java:225) - Getting selenium logs
[17:34:13] DEBUG (BasicTestCase.java:226) - Finished test
