[17:47:02] INFO  (AchieveProperties.java:41) - {threadCount=3, retriesCount=1, shortWait=35, gridHost=http://169.254.232.220:4444/wd/hub, headlessMode=false, screenshotsDir=, browserType=chrome, longWait=35, envUrl=https://trunk.qa-esc.portal.achieve3000.com, gridMode=false}
[17:47:02] INFO  (AchieveProperties.java:43) - https://trunk.qa-esc.portal.achieve3000.com
[17:47:02] INFO  (BasicTestCase.java:66) - browser url set from properties file: https://trunk.qa-esc.portal.achieve3000.com
[17:47:02] INFO  (BasicTestCase.java:69) - browser type set from properties file: chrome
[17:47:02] INFO  (BasicTestCase.java:75) - grid mode set from properties file:false
[17:47:02] INFO  (BasicTestCase.java:76) - grid host set from properties file:http://169.254.232.220:4444/wd/hub
[17:47:02] INFO  (BasicTestCase.java:79) - Headless Mode set to false
[17:47:02] DEBUG (BasicTestCase.java:109) - Finished before suite
[17:47:02] TRACE (FiveStep_student_kidbiz.java:359) - Getting users
[17:47:02] TRACE (BasicTestCase.java:44) - Starting test verifyLesson_KidBizStudent
[17:47:02] INFO  (BasicTestCase.java:116) - Setting the browser up
[17:47:02] INFO  (BasicTestCase.java:131) -  Executing on CHROME
[17:47:02] INFO  (BasicTestCase.java:126) - Opening https://trunk.qa-esc.portal.achieve3000.com
[17:47:11] DEBUG (BasicTestCase.java:52) - Browser's set up. Starting test.
[17:47:11] INFO  (FiveStep_student_kidbiz.java:337) - Language is set to English
[17:47:11] INFO  (FiveStep_student_kidbiz.java:351) - Login with credentials kidbizstud.fivestep\kidbizstud.fivestep
[17:47:11] INFO  (LoginPage.java:249) - Login with credentials kidbizstud.fivestep\kidbizstud.fivestep
[17:47:11] INFO  (LoginPage.java:95) - Type in username: kidbizstud.fivestep
[17:47:12] INFO  (LoginPage.java:102) - Type in password: kidbizstud.fivestep
[17:47:13] DEBUG (LoginPage.java:228) - falsehttps://trunk.qa-esc.portal.achieve3000.com/index
[17:47:13] INFO  (Page.java:48) - Try to execute Close Walkme
[17:47:13] DEBUG (Page.java:175) - Try to FIND element  By.id: active_class
[17:47:17] INFO  (LoginPage.java:314) -  Stop login 
[17:47:17] INFO  (Page.java:337) - Opening My Lesson page
[17:47:17] INFO  (Page.java:278) - Opening new page: https://trunk.qa-esc.portal.achieve3000.com/my_lessons
[17:47:19] INFO  (FiveStep_student_kidbiz.java:313) - Opening any not started lesson
[17:47:19] INFO  (Page.java:278) - Opening new page: https://trunk.qa-esc.portal.achieve3000.com/my_lessons?sort=step1&sort=focus&sort_dir=desc&page_index=1
[17:47:35] INFO  (Page.java:214) - Click on element <a class="title" href="/kb/lesson/?lid=9739&c=46&asn=1">The Power of the Music</a>
[17:47:35] DEBUG (Page.java:181) - Trying to click on locator via JS <a class="title" href="/kb/lesson/?lid=9739&c=46&asn=1">The Power of the Music</a>
[17:47:40] DEBUG (Page.java:181) - Element was clicked via JS java.lang.IndexOutOfBoundsException: Index: 0, Size: 0
[17:47:40] INFO  (MyLessons.java:72) - Open lesson with id = 9739
[17:47:41] INFO  (FiveStep_student_kidbiz.java:299) - Complete 'Before Reading' form
[17:47:41] DEBUG (Page.java:175) - Try to FIND element  By.id: textarea-step10page1response1_ifr
[17:47:41] DEBUG (Page.java:175) - Try to FIND element   .//*[(@name='response') or (@id='tinymce') or (@id='textarea-step10page1response1')]
[17:47:42] DEBUG (Page.java:175) - Try to FIND element   //li[contains(@onclick,'a3k.poll.select_poll_choice')]
[17:47:42] INFO  (Page.java:197) - Click on element By.id: pollSubmit-step10page1
[17:47:42] INFO  (Page.java:644) - Wait until element By.id: pollSubmit-step10page1 clickable
[17:47:42] DEBUG (Page.java:175) - Trying to click on locator via JS By.id: pollSubmit-step10page1
[17:47:42] DEBUG (Page.java:175) - Element was clicked via JS By.id: pollSubmit-step10page1
[17:47:42] INFO  (Page.java:197) - Click on element By.xpath: //div[contains(@class,'next_tab')]/a
[17:47:42] INFO  (Page.java:48) - Try to execute Close Walkme
[17:47:42] INFO  (Page.java:644) - Wait until element By.xpath: //div[contains(@class,'next_tab')]/a clickable
[17:47:42] DEBUG (Page.java:175) - Trying to click on locator via JS  //div[contains(@class,'next_tab')]/a
[17:47:44] DEBUG (Page.java:175) - Element was clicked via JS  //div[contains(@class,'next_tab')]/a
[17:47:44] INFO  (FiveStep_student_kidbiz.java:308) - Before Reading form has been submitted
[17:47:44] INFO  (FiveStep_student_kidbiz.java:286) - Verify vocabulary
[17:47:44] INFO  (FiveStep_student_kidbiz.java:293) - Verify Reading Connections section
[17:47:45] DEBUG (Lesson.java:811) - Trying to click on element <div class="rcSubImage rcSubImage_off" id="rc0_child1-image">SUMMARIZE</div>
[17:47:45] DEBUG (Lesson.java:812) - Opening section <div class="rcSubImage rcSubImage_off" id="rc0_child1-image">SUMMARIZE</div>
[17:47:45] INFO  (Lesson.java:819) - Type text 'Test Reading Connections' to input
[17:47:46] INFO  (Lesson.java:824) - Saving...
[17:47:46] DEBUG (Lesson.java:811) - Trying to click on element <div class="rcSubImage rcSubImage_off" id="rc0_child2-image">GENERATE QUESTIONS</div>
[17:47:46] DEBUG (Lesson.java:812) - Opening section <div class="rcSubImage rcSubImage_off" id="rc0_child2-image">GENERATE QUESTIONS</div>
[17:47:47] INFO  (Lesson.java:819) - Type text 'Test Reading Connections' to input
[17:47:48] INFO  (Lesson.java:824) - Saving...
[17:47:48] DEBUG (Lesson.java:811) - Trying to click on element <div class="rcSubImage rcSubImage_off" id="rc0_child3-image">SETTING THE PURPOSE</div>
[17:47:48] DEBUG (Lesson.java:812) - Opening section <div class="rcSubImage rcSubImage_off" id="rc0_child3-image">SETTING THE PURPOSE</div>
[17:47:49] INFO  (Lesson.java:819) - Type text 'Test Reading Connections' to input
[17:47:50] INFO  (Lesson.java:824) - Saving...
[17:47:50] DEBUG (FiveStep_student_kidbiz.java:96) - Started verifying article tab
[17:47:51] DEBUG (FiveStep_student_kidbiz.java:109) - Finished verifying article page
[17:47:51] INFO  (Page.java:197) - Click on element By.xpath: //li[contains(@onclick,'view_page(14, 1)')]/div
[17:47:51] INFO  (Page.java:644) - Wait until element By.xpath: //li[contains(@onclick,'view_page(14, 1)')]/div clickable
[17:47:51] DEBUG (Page.java:175) - Trying to click on locator via JS  //li[contains(@onclick,'view_page(14, 1)')]/div
[17:47:55] DEBUG (Page.java:175) - Element was clicked via JS  //li[contains(@onclick,'view_page(14, 1)')]/div
[17:47:55] INFO  (FiveStep_student_kidbiz.java:130) - Verifying Activity Page
[17:47:55] DEBUG (Page.java:175) - Wait visibility of element   //*[@ng-click='submitHandler()']
[17:47:56] DEBUG (Page.java:175) - Try to FIND element  By.id: topPointsContainer
[17:47:56] DEBUG (Page.java:175) - Try to FIND element   //*[@class='footer progressBarFooter']/span
[17:49:25] INFO  (Lesson.java:514) - Click on answer 0
