[17:31:32] INFO  (AchieveProperties.java:41) - {threadCount=3, retriesCount=1, shortWait=35, gridHost=http://169.254.232.220:4444/wd/hub, headlessMode=false, screenshotsDir=, browserType=chrome, longWait=35, envUrl=https://trunk.qa-esc.portal.achieve3000.com, gridMode=false}
[17:31:32] INFO  (AchieveProperties.java:43) - https://trunk.qa-esc.portal.achieve3000.com
[17:31:32] INFO  (BasicTestCase.java:66) - browser url set from properties file: https://trunk.qa-esc.portal.achieve3000.com
[17:31:32] INFO  (BasicTestCase.java:69) - browser type set from properties file: chrome
[17:31:32] INFO  (BasicTestCase.java:75) - grid mode set from properties file:false
[17:31:32] INFO  (BasicTestCase.java:76) - grid host set from properties file:http://169.254.232.220:4444/wd/hub
[17:31:32] INFO  (BasicTestCase.java:79) - Headless Mode set to false
[17:31:32] DEBUG (BasicTestCase.java:109) - Finished before suite
[17:31:32] TRACE (BasicTestCase.java:44) - Starting test teacherHomePage
[17:31:32] INFO  (BasicTestCase.java:116) - Setting the browser up
[17:31:32] INFO  (BasicTestCase.java:131) -  Executing on CHROME
[17:31:32] INFO  (BasicTestCase.java:126) - Opening https://trunk.qa-esc.portal.achieve3000.com
[17:31:41] DEBUG (BasicTestCase.java:52) - Browser's set up. Starting test.
[17:31:41] INFO  (A3k_Home.java:120) - Language set up english
[17:31:41] INFO  (LoginPage.java:139) - Login with credentials teenbizstud.one\teenbizstud.one 
[17:31:41] INFO  (LoginPage.java:94) - Type in username: teenbizstud.one
[17:31:42] INFO  (LoginPage.java:101) - Type in password: teenbizstud.one
[17:31:43] DEBUG (LoginPage.java:227) - falsehttps://trunk.qa-esc.portal.achieve3000.com/index
[17:31:43] INFO  (Page.java:47) - Try to execute Close Walkme
[17:31:43] INFO  (LoginPage.java:200) - Close teacher surv
[17:31:43] INFO  (Page.java:129) - Wait For JS and JQuery load.
[17:31:49] DEBUG (BasicTestCase.java:228) - Finishing test
[17:31:49] TRACE (BasicTestCase.java:229) - Getting selenium logs
[17:31:49] DEBUG (BasicTestCase.java:230) - Finished test
[17:31:49] TRACE (BasicTestCase.java:44) - Starting test teacherHomePage
[17:31:49] INFO  (BasicTestCase.java:116) - Setting the browser up
[17:31:49] INFO  (BasicTestCase.java:131) -  Executing on CHROME
[17:31:49] INFO  (BasicTestCase.java:126) - Opening https://trunk.qa-esc.portal.achieve3000.com
[17:31:50] DEBUG (BasicTestCase.java:52) - Browser's set up. Starting test.
[17:31:50] INFO  (A3k_Home.java:120) - Language set up english
[17:31:50] INFO  (LoginPage.java:139) - Login with credentials empowerstud.one\empowerstud.one 
[17:31:50] INFO  (LoginPage.java:94) - Type in username: empowerstud.one
[17:31:50] INFO  (LoginPage.java:101) - Type in password: empowerstud.one
[17:31:51] DEBUG (LoginPage.java:227) - falsehttps://trunk.qa-esc.portal.achieve3000.com/index
[17:31:51] INFO  (Page.java:47) - Try to execute Close Walkme
[17:31:51] INFO  (LoginPage.java:94) - Type in username: empowerstud.one
[17:31:52] INFO  (LoginPage.java:101) - Type in password: empowerstud.one
[17:31:52] DEBUG (LoginPage.java:227) - falsehttps://trunk.qa-esc.portal.achieve3000.com/index
[17:31:52] INFO  (Page.java:47) - Try to execute Close Walkme
[17:31:52] DEBUG (BasicTestCase.java:228) - Finishing test
[17:31:52] TRACE (BasicTestCase.java:229) - Getting selenium logs
[17:31:52] DEBUG (BasicTestCase.java:230) - Finished test
[17:31:52] TRACE (BasicTestCase.java:44) - Starting test teacherHomePage
[17:31:52] INFO  (BasicTestCase.java:116) - Setting the browser up
[17:31:52] INFO  (BasicTestCase.java:131) -  Executing on CHROME
[17:31:52] INFO  (BasicTestCase.java:126) - Opening https://trunk.qa-esc.portal.achieve3000.com
[17:31:53] DEBUG (BasicTestCase.java:52) - Browser's set up. Starting test.
[17:31:53] INFO  (A3k_Home.java:120) - Language set up english
[17:31:53] INFO  (LoginPage.java:139) - Login with credentials kidbizstud.one\kidbizstud.one 
[17:31:53] INFO  (LoginPage.java:94) - Type in username: kidbizstud.one
[17:31:54] INFO  (LoginPage.java:101) - Type in password: kidbizstud.one
