[17:37:13] INFO  (AchieveProperties.java:41) - {threadCount=3, retriesCount=0, shortWait=35, gridHost=http://169.254.232.220:4444/wd/hub, headlessMode=false, screenshotsDir=, browserType=chrome, longWait=35, envUrl=https://trunk.qa-esc.portal.achieve3000.com, gridMode=false}
[17:37:13] INFO  (AchieveProperties.java:43) - https://trunk.qa-esc.portal.achieve3000.com
[17:37:13] INFO  (BasicTestCase.java:67) - browser url set from properties file: https://trunk.qa-esc.portal.achieve3000.com
[17:37:13] INFO  (BasicTestCase.java:70) - browser type set from properties file: chrome
[17:37:13] INFO  (BasicTestCase.java:76) - grid mode set from properties file:false
[17:37:13] INFO  (BasicTestCase.java:77) - grid host set from properties file:http://169.254.232.220:4444/wd/hub
[17:37:13] INFO  (BasicTestCase.java:80) - Headless Mode set to false
[17:37:13] DEBUG (BasicTestCase.java:110) - Finished before suite
[17:37:13] TRACE (BasicTestCase.java:45) - Starting test verifyCollectionName_US14585
[17:37:13] INFO  (BasicTestCase.java:117) - Setting the browser up
[17:37:13] INFO  (BasicTestCase.java:132) -  Executing on CHROME
[17:37:13] INFO  (BasicTestCase.java:127) - Opening https://trunk.qa-esc.portal.achieve3000.com
[17:37:22] DEBUG (BasicTestCase.java:53) - Browser's set up. Starting test.
[17:37:23] INFO  (LoginPage.java:259) - Login with credentials ussa14585.pooh\ussa14585.pooh
[17:37:23] INFO  (LoginPage.java:98) - Type in username: ussa14585.pooh
[17:37:24] INFO  (LoginPage.java:105) - Type in password: ussa14585.pooh
[17:37:25] DEBUG (LoginPage.java:238) - falsehttps://trunk.qa-esc.portal.achieve3000.com/index
[17:37:26] INFO  (Page.java:83) - Try to execute Close Walkme
[17:37:26] DEBUG (Page.java:235) - Try to FIND element  By.id: active_pgm
[17:37:31] INFO  (LoginPage.java:333) -  Stop login 
[17:37:31] INFO  (Page.java:1296) - Opening My Lessons page
[17:37:32] INFO  (Page.java:772) - Wait until element By.xpath: //*[@class='hamburger' or contains(@class,'hamburgerBun')] clickable
[17:37:33] DEBUG (Page.java:1333) - Clicked hamburger menu
[17:37:34] INFO  (Page.java:263) - Click on element By.xpath: //*[(@href='/my_lessons' or @href='/collections') and count(../a)=1]
[17:37:34] INFO  (Page.java:772) - Wait until element By.xpath: //*[(@href='/my_lessons' or @href='/collections') and count(../a)=1] clickable
[17:37:35] DEBUG (Page.java:235) - Trying to click on locator via JS  //*[(@href='/my_lessons' or @href='/collections') and count(../a)=1]
[17:37:38] DEBUG (Page.java:235) - Element was clicked via JS  //*[(@href='/my_lessons' or @href='/collections') and count(../a)=1]
[17:37:42] INFO  (MyLessons.java:1072) - Clicked Build Lesson Collection Button
[17:37:42] DEBUG (Page.java:235) - Wait until element will be clickable. By.id: buildButton
[17:37:44] INFO  (MyLessons.java:536) - Clicked Create Collection Button
[17:37:46] DEBUG (Page.java:235) - Wait until element will be clickable.  //*[@class='gradeContainer']/div[2] | //*[@class='gradeName']//img
[17:37:46] INFO  (Page.java:263) - Click on element By.xpath: //*[@class='gradeContainer']/div[2] | //*[@class='gradeName']//img
[17:37:46] INFO  (Page.java:772) - Wait until element By.xpath: //*[@class='gradeContainer']/div[2] | //*[@class='gradeName']//img clickable
[17:37:46] DEBUG (Page.java:235) - Trying to click on locator via JS  //*[@class='gradeContainer']/div[2] | //*[@class='gradeName']//img
[17:37:46] DEBUG (Page.java:235) - Element was clicked via JS  //*[@class='gradeContainer']/div[2] | //*[@class='gradeName']//img
[17:37:47] INFO  (Page.java:280) - Click on element <a data-arg="Grade 4" data-value="4" href="#">Grade 4</a>
[17:37:47] INFO  (Page.java:786) - Wait until element <a data-arg="Grade 4" data-value="4" href="#">Grade 4</a> clickable
[17:37:47] DEBUG (Page.java:247) - Trying to click on locator via JS <a data-arg="Grade 4" data-value="4" href="#">Grade 4</a>
[17:37:49] DEBUG (Page.java:247) - Element was clicked via JS StaleElementReferenceException: stale element reference: element is not attached to the page document
[17:37:49] DEBUG (Page.java:235) - Wait visibility of element   //*[@class='gradeContainer']/div[2] | //*[@class='gradeName']//img
[17:37:49] INFO  (MyLessons.java:536) - Clicked Create Collection Button
[17:37:51] DEBUG (Page.java:235) - Wait until element will be clickable.  //*[@class='gradeContainer']/div[2] | //*[@class='gradeName']//img
[17:37:51] INFO  (Page.java:263) - Click on element By.xpath: //*[@class='gradeContainer']/div[2] | //*[@class='gradeName']//img
[17:37:51] INFO  (Page.java:772) - Wait until element By.xpath: //*[@class='gradeContainer']/div[2] | //*[@class='gradeName']//img clickable
[17:37:51] DEBUG (Page.java:235) - Trying to click on locator via JS  //*[@class='gradeContainer']/div[2] | //*[@class='gradeName']//img
[17:37:51] DEBUG (Page.java:235) - Element was clicked via JS  //*[@class='gradeContainer']/div[2] | //*[@class='gradeName']//img
[17:37:51] INFO  (Page.java:280) - Click on element <a data-arg="Grade 3" data-value="3" href="#">Grade 3</a>
[17:37:51] INFO  (Page.java:786) - Wait until element <a data-arg="Grade 3" data-value="3" href="#">Grade 3</a> clickable
[17:37:52] DEBUG (Page.java:247) - Trying to click on locator via JS <a data-arg="Grade 3" data-value="3" href="#">Grade 3</a>
[17:37:53] DEBUG (Page.java:247) - Element was clicked via JS StaleElementReferenceException: stale element reference: element is not attached to the page document
[17:37:53] DEBUG (Page.java:235) - Wait visibility of element   //*[@class='gradeContainer']/div[2] | //*[@class='gradeName']//img
[17:37:54] INFO  (MyLessons.java:536) - Clicked Create Collection Button
[17:37:55] INFO  (MyLessons.java:1225) - Enter Text In Collection Name Input: 1234567890
[17:37:55] INFO  (MyLessons.java:1225) - Enter Text In Collection Name Input: 1234567890
[17:37:56] INFO  (MyLessons.java:1225) - Enter Text In Collection Name Input: 1234567890
[17:37:56] INFO  (MyLessons.java:1225) - Enter Text In Collection Name Input: 1234567890
[17:37:56] INFO  (MyLessons.java:1225) - Enter Text In Collection Name Input: 1234567890
[17:37:57] INFO  (MyLessons.java:1225) - Enter Text In Collection Name Input: 1234567890
[17:37:57] INFO  (MyLessons.java:1225) - Enter Text In Collection Name Input: 1234567890
[17:37:57] INFO  (MyLessons.java:1225) - Enter Text In Collection Name Input: 1234567890
[17:37:58] INFO  (MyLessons.java:1225) - Enter Text In Collection Name Input: 1234567890
[17:37:58] INFO  (MyLessons.java:1225) - Enter Text In Collection Name Input: 1234567890
[17:37:58] INFO  (MyLessons.java:1225) - Enter Text In Collection Name Input: x
[17:37:58] INFO  (MyLessons.java:548) - Enter Text In Description Input: x
[17:37:59] TRACE (MyLessons.java:1239) - Cleared collection name input
[17:37:59] TRACE (MyLessons.java:1241) - Cleared collection description input
[17:37:59] INFO  (MyLessons.java:548) - Enter Text In Description Input: 1234567890
[17:37:59] INFO  (MyLessons.java:548) - Enter Text In Description Input: 1234567890
[17:38:00] INFO  (MyLessons.java:548) - Enter Text In Description Input: 1234567890
[17:38:00] INFO  (MyLessons.java:548) - Enter Text In Description Input: 1234567890
[17:38:00] INFO  (MyLessons.java:548) - Enter Text In Description Input: 1234567890
[17:38:00] INFO  (MyLessons.java:548) - Enter Text In Description Input: 1234567890
[17:38:01] INFO  (MyLessons.java:548) - Enter Text In Description Input: 1234567890
[17:38:01] INFO  (MyLessons.java:548) - Enter Text In Description Input: 1234567890
[17:38:01] INFO  (MyLessons.java:548) - Enter Text In Description Input: 1234567890
[17:38:02] INFO  (MyLessons.java:548) - Enter Text In Description Input: 1234567890
[17:38:02] INFO  (MyLessons.java:548) - Enter Text In Description Input: 1234567890
[17:38:02] INFO  (MyLessons.java:548) - Enter Text In Description Input: 1234567890
[17:38:03] INFO  (MyLessons.java:548) - Enter Text In Description Input: 1234567890
[17:38:03] INFO  (MyLessons.java:548) - Enter Text In Description Input: 1234567890
[17:38:04] INFO  (MyLessons.java:548) - Enter Text In Description Input: 1234567890
[17:38:04] INFO  (MyLessons.java:548) - Enter Text In Description Input: 1234567890
[17:38:04] INFO  (MyLessons.java:548) - Enter Text In Description Input: 1234567890
[17:38:05] INFO  (MyLessons.java:548) - Enter Text In Description Input: 1234567890
[17:38:05] INFO  (MyLessons.java:548) - Enter Text In Description Input: 1234567890
[17:38:05] INFO  (MyLessons.java:548) - Enter Text In Description Input: 1234567890
[17:38:05] INFO  (MyLessons.java:548) - Enter Text In Description Input: 1234567890
[17:38:06] INFO  (MyLessons.java:548) - Enter Text In Description Input: 1234567890
[17:38:06] INFO  (MyLessons.java:548) - Enter Text In Description Input: 1234567890
[17:38:06] INFO  (MyLessons.java:548) - Enter Text In Description Input: 1234567890
[17:38:07] INFO  (MyLessons.java:548) - Enter Text In Description Input: 1234567890
[17:38:07] INFO  (MyLessons.java:548) - Enter Text In Description Input: 1234567890
[17:38:07] INFO  (MyLessons.java:548) - Enter Text In Description Input: 1234567890
[17:38:08] INFO  (MyLessons.java:548) - Enter Text In Description Input: 1234567890
[17:38:08] INFO  (MyLessons.java:548) - Enter Text In Description Input: 1234567890
[17:38:08] INFO  (MyLessons.java:548) - Enter Text In Description Input: 1234567890
[17:38:08] INFO  (MyLessons.java:548) - Enter Text In Description Input: 1234567890
[17:38:09] INFO  (MyLessons.java:548) - Enter Text In Description Input: 1234567890
[17:38:09] INFO  (MyLessons.java:548) - Enter Text In Description Input: 1234567890
[17:38:09] INFO  (MyLessons.java:548) - Enter Text In Description Input: 1234567890
[17:38:10] INFO  (MyLessons.java:548) - Enter Text In Description Input: 1234567890
[17:38:10] INFO  (MyLessons.java:548) - Enter Text In Description Input: 1234567890
[17:38:10] INFO  (MyLessons.java:548) - Enter Text In Description Input: 1234567890
[17:38:11] INFO  (MyLessons.java:548) - Enter Text In Description Input: 1234567890
[17:38:11] INFO  (MyLessons.java:548) - Enter Text In Description Input: 1234567890
[17:38:11] INFO  (MyLessons.java:548) - Enter Text In Description Input: 1234567890
[17:38:11] INFO  (MyLessons.java:1225) - Enter Text In Collection Name Input: x
[17:38:12] INFO  (MyLessons.java:548) - Enter Text In Description Input: x
[17:38:12] TRACE (MyLessons.java:1239) - Cleared collection name input
[17:38:12] TRACE (MyLessons.java:1241) - Cleared collection description input
[17:38:12] INFO  (MyLessons.java:548) - Enter Text In Description Input: some description
[17:38:12] INFO  (Page.java:263) - Click on element By.xpath: //*[@id='saveButton' and @type='submit']
[17:38:12] INFO  (Page.java:772) - Wait until element By.xpath: //*[@id='saveButton' and @type='submit'] clickable
[17:38:12] DEBUG (Page.java:235) - Trying to click on locator via JS  //*[@id='saveButton' and @type='submit']
[17:38:13] DEBUG (Page.java:235) - Element was clicked via JS  //*[@id='saveButton' and @type='submit']
[17:38:13] DEBUG (MyLessons.java:1081) - Saving collection
[17:38:13] INFO  (MyLessons.java:541) - Enter Text In Collection Name Input: 1234^@&%&*™
[17:38:13] DEBUG (Page.java:235) - Wait until element will be clickable. By.id: collection_name
[17:38:13] DEBUG (Page.java:235) - Try to FIND element  By.id: collection_name
[17:38:13] INFO  (Page.java:263) - Click on element By.xpath: //*[@id='saveButton' and @type='submit']
[17:38:13] INFO  (Page.java:772) - Wait until element By.xpath: //*[@id='saveButton' and @type='submit'] clickable
[17:38:13] DEBUG (Page.java:235) - Trying to click on locator via JS  //*[@id='saveButton' and @type='submit']
[17:38:14] DEBUG (Page.java:235) - Element was clicked via JS  //*[@id='saveButton' and @type='submit']
[17:38:14] DEBUG (MyLessons.java:1081) - Saving collection
[17:38:14] INFO  (Page.java:962) - Wait For JQuery load.
[17:38:14] INFO  (Page.java:968) - Wait For JS load.
[17:39:46] DEBUG (BasicTestCase.java:233) - Finishing test
[17:39:46] TRACE (BasicTestCase.java:234) - Getting selenium logs
[17:39:46] DEBUG (BasicTestCase.java:235) - Finished test
[17:39:47] TRACE (BasicTestCase.java:45) - Starting test verifyCollectionName_US14585
[17:39:47] INFO  (BasicTestCase.java:117) - Setting the browser up
[17:39:47] INFO  (BasicTestCase.java:132) -  Executing on CHROME
[17:39:47] INFO  (BasicTestCase.java:127) - Opening https://trunk.qa-esc.portal.achieve3000.com
[17:39:48] DEBUG (BasicTestCase.java:53) - Browser's set up. Starting test.
[17:39:48] INFO  (LoginPage.java:259) - Login with credentials uksa14585.pooh\uksa14585.pooh
[17:39:48] INFO  (LoginPage.java:98) - Type in username: uksa14585.pooh
[17:39:48] INFO  (LoginPage.java:105) - Type in password: uksa14585.pooh
[17:39:49] DEBUG (LoginPage.java:238) - falsehttps://trunk.qa-esc.portal.achieve3000.com/index
[17:39:49] INFO  (Page.java:83) - Try to execute Close Walkme
[17:39:49] DEBUG (Page.java:235) - Try to FIND element  By.id: active_pgm
[17:39:52] INFO  (LoginPage.java:333) -  Stop login 
[17:39:52] INFO  (Page.java:1296) - Opening My Lessons page
[17:39:53] INFO  (Page.java:772) - Wait until element By.xpath: //*[@class='hamburger' or contains(@class,'hamburgerBun')] clickable
[17:39:54] DEBUG (Page.java:1333) - Clicked hamburger menu
[17:39:54] INFO  (Page.java:772) - Wait until element By.xpath: //*[@class='hamburger' or contains(@class,'hamburgerBun')] clickable
[17:39:55] DEBUG (Page.java:1333) - Clicked hamburger menu
[17:39:55] INFO  (Page.java:263) - Click on element By.xpath: //*[(@href='/my_lessons' or @href='/collections') and count(../a)=1]
[17:39:55] INFO  (Page.java:772) - Wait until element By.xpath: //*[(@href='/my_lessons' or @href='/collections') and count(../a)=1] clickable
[17:39:55] DEBUG (Page.java:235) - Trying to click on locator via JS  //*[(@href='/my_lessons' or @href='/collections') and count(../a)=1]
[17:39:57] DEBUG (Page.java:235) - Element was clicked via JS  //*[(@href='/my_lessons' or @href='/collections') and count(../a)=1]
[17:40:01] INFO  (MyLessons.java:1072) - Clicked Build Lesson Collection Button
[17:40:01] DEBUG (Page.java:235) - Wait until element will be clickable. By.id: buildButton
[17:40:03] INFO  (MyLessons.java:536) - Clicked Create Collection Button
[17:40:05] DEBUG (Page.java:235) - Wait until element will be clickable.  //*[@class='gradeContainer']/div[2] | //*[@class='gradeName']//img
[17:40:05] INFO  (Page.java:263) - Click on element By.xpath: //*[@class='gradeContainer']/div[2] | //*[@class='gradeName']//img
[17:40:05] INFO  (Page.java:772) - Wait until element By.xpath: //*[@class='gradeContainer']/div[2] | //*[@class='gradeName']//img clickable
[17:40:05] DEBUG (Page.java:235) - Trying to click on locator via JS  //*[@class='gradeContainer']/div[2] | //*[@class='gradeName']//img
[17:40:05] DEBUG (Page.java:235) - Element was clicked via JS  //*[@class='gradeContainer']/div[2] | //*[@class='gradeName']//img
[17:40:05] INFO  (Page.java:280) - Click on element <a data-arg="Year 4" data-value="4" href="#">Year 4</a>
[17:40:06] INFO  (Page.java:786) - Wait until element <a data-arg="Year 4" data-value="4" href="#">Year 4</a> clickable
[17:40:06] DEBUG (Page.java:247) - Trying to click on locator via JS <a data-arg="Year 4" data-value="4" href="#">Year 4</a>
[17:40:09] DEBUG (Page.java:247) - Element was clicked via JS StaleElementReferenceException: stale element reference: element is not attached to the page document
[17:40:09] DEBUG (Page.java:235) - Wait visibility of element   //*[@class='gradeContainer']/div[2] | //*[@class='gradeName']//img
[17:40:09] INFO  (MyLessons.java:536) - Clicked Create Collection Button
[17:40:14] DEBUG (Page.java:235) - Wait until element will be clickable.  //*[@class='gradeContainer']/div[2] | //*[@class='gradeName']//img
[17:40:14] INFO  (Page.java:263) - Click on element By.xpath: //*[@class='gradeContainer']/div[2] | //*[@class='gradeName']//img
[17:40:14] INFO  (Page.java:772) - Wait until element By.xpath: //*[@class='gradeContainer']/div[2] | //*[@class='gradeName']//img clickable
[17:40:14] DEBUG (Page.java:235) - Trying to click on locator via JS  //*[@class='gradeContainer']/div[2] | //*[@class='gradeName']//img
[17:40:14] DEBUG (Page.java:235) - Element was clicked via JS  //*[@class='gradeContainer']/div[2] | //*[@class='gradeName']//img
[17:40:14] INFO  (Page.java:280) - Click on element <a data-arg="Year 3" data-value="3" href="#">Year 3</a>
[17:40:14] INFO  (Page.java:786) - Wait until element <a data-arg="Year 3" data-value="3" href="#">Year 3</a> clickable
[17:40:14] DEBUG (Page.java:247) - Trying to click on locator via JS <a data-arg="Year 3" data-value="3" href="#">Year 3</a>
[17:40:17] DEBUG (Page.java:247) - Element was clicked via JS StaleElementReferenceException: stale element reference: element is not attached to the page document
[17:40:17] DEBUG (Page.java:235) - Wait visibility of element   //*[@class='gradeContainer']/div[2] | //*[@class='gradeName']//img
[17:40:17] INFO  (MyLessons.java:536) - Clicked Create Collection Button
[17:40:19] INFO  (MyLessons.java:1225) - Enter Text In Collection Name Input: 1234567890
[17:40:19] INFO  (MyLessons.java:1225) - Enter Text In Collection Name Input: 1234567890
[17:40:19] INFO  (MyLessons.java:1225) - Enter Text In Collection Name Input: 1234567890
[17:40:20] INFO  (MyLessons.java:1225) - Enter Text In Collection Name Input: 1234567890
[17:40:20] INFO  (MyLessons.java:1225) - Enter Text In Collection Name Input: 1234567890
[17:40:20] INFO  (MyLessons.java:1225) - Enter Text In Collection Name Input: 1234567890
[17:40:20] INFO  (MyLessons.java:1225) - Enter Text In Collection Name Input: 1234567890
[17:40:21] INFO  (MyLessons.java:1225) - Enter Text In Collection Name Input: 1234567890
[17:40:21] INFO  (MyLessons.java:1225) - Enter Text In Collection Name Input: 1234567890
[17:40:21] INFO  (MyLessons.java:1225) - Enter Text In Collection Name Input: 1234567890
[17:40:21] INFO  (MyLessons.java:1225) - Enter Text In Collection Name Input: x
[17:40:21] INFO  (MyLessons.java:548) - Enter Text In Description Input: x
[17:40:22] TRACE (MyLessons.java:1239) - Cleared collection name input
[17:40:22] TRACE (MyLessons.java:1241) - Cleared collection description input
[17:40:22] INFO  (MyLessons.java:548) - Enter Text In Description Input: 1234567890
[17:40:22] INFO  (MyLessons.java:548) - Enter Text In Description Input: 1234567890
[17:40:22] INFO  (MyLessons.java:548) - Enter Text In Description Input: 1234567890
[17:40:23] INFO  (MyLessons.java:548) - Enter Text In Description Input: 1234567890
[17:40:23] INFO  (MyLessons.java:548) - Enter Text In Description Input: 1234567890
[17:40:23] INFO  (MyLessons.java:548) - Enter Text In Description Input: 1234567890
[17:40:23] INFO  (MyLessons.java:548) - Enter Text In Description Input: 1234567890
[17:40:24] INFO  (MyLessons.java:548) - Enter Text In Description Input: 1234567890
[17:40:24] INFO  (MyLessons.java:548) - Enter Text In Description Input: 1234567890
[17:40:24] INFO  (MyLessons.java:548) - Enter Text In Description Input: 1234567890
[17:40:24] INFO  (MyLessons.java:548) - Enter Text In Description Input: 1234567890
[17:40:25] INFO  (MyLessons.java:548) - Enter Text In Description Input: 1234567890
[17:40:25] INFO  (MyLessons.java:548) - Enter Text In Description Input: 1234567890
[17:40:25] INFO  (MyLessons.java:548) - Enter Text In Description Input: 1234567890
[17:40:25] INFO  (MyLessons.java:548) - Enter Text In Description Input: 1234567890
[17:40:26] INFO  (MyLessons.java:548) - Enter Text In Description Input: 1234567890
[17:40:26] INFO  (MyLessons.java:548) - Enter Text In Description Input: 1234567890
[17:40:26] INFO  (MyLessons.java:548) - Enter Text In Description Input: 1234567890
[17:40:27] INFO  (MyLessons.java:548) - Enter Text In Description Input: 1234567890
[17:40:27] INFO  (MyLessons.java:548) - Enter Text In Description Input: 1234567890
[17:40:27] INFO  (MyLessons.java:548) - Enter Text In Description Input: 1234567890
[17:40:27] INFO  (MyLessons.java:548) - Enter Text In Description Input: 1234567890
[17:40:28] INFO  (MyLessons.java:548) - Enter Text In Description Input: 1234567890
[17:40:28] INFO  (MyLessons.java:548) - Enter Text In Description Input: 1234567890
[17:40:28] INFO  (MyLessons.java:548) - Enter Text In Description Input: 1234567890
[17:40:29] INFO  (MyLessons.java:548) - Enter Text In Description Input: 1234567890
[17:40:29] INFO  (MyLessons.java:548) - Enter Text In Description Input: 1234567890
[17:40:29] INFO  (MyLessons.java:548) - Enter Text In Description Input: 1234567890
[17:40:29] INFO  (MyLessons.java:548) - Enter Text In Description Input: 1234567890
[17:40:30] INFO  (MyLessons.java:548) - Enter Text In Description Input: 1234567890
[17:40:30] INFO  (MyLessons.java:548) - Enter Text In Description Input: 1234567890
[17:40:30] INFO  (MyLessons.java:548) - Enter Text In Description Input: 1234567890
[17:40:31] INFO  (MyLessons.java:548) - Enter Text In Description Input: 1234567890
[17:40:31] INFO  (MyLessons.java:548) - Enter Text In Description Input: 1234567890
[17:40:31] INFO  (MyLessons.java:548) - Enter Text In Description Input: 1234567890
[17:40:32] INFO  (MyLessons.java:548) - Enter Text In Description Input: 1234567890
[17:40:32] INFO  (MyLessons.java:548) - Enter Text In Description Input: 1234567890
[17:40:32] INFO  (MyLessons.java:548) - Enter Text In Description Input: 1234567890
[17:40:32] INFO  (MyLessons.java:548) - Enter Text In Description Input: 1234567890
[17:40:33] INFO  (MyLessons.java:548) - Enter Text In Description Input: 1234567890
[17:40:33] INFO  (MyLessons.java:1225) - Enter Text In Collection Name Input: x
[17:40:33] INFO  (MyLessons.java:548) - Enter Text In Description Input: x
[17:40:34] TRACE (MyLessons.java:1239) - Cleared collection name input
[17:40:34] TRACE (MyLessons.java:1241) - Cleared collection description input
[17:40:34] INFO  (MyLessons.java:548) - Enter Text In Description Input: some description
[17:40:34] INFO  (Page.java:263) - Click on element By.xpath: //*[@id='saveButton' and @type='submit']
[17:40:34] INFO  (Page.java:772) - Wait until element By.xpath: //*[@id='saveButton' and @type='submit'] clickable
[17:40:34] DEBUG (Page.java:235) - Trying to click on locator via JS  //*[@id='saveButton' and @type='submit']
[17:40:34] DEBUG (Page.java:235) - Element was clicked via JS  //*[@id='saveButton' and @type='submit']
[17:40:34] DEBUG (MyLessons.java:1081) - Saving collection
[17:40:34] INFO  (MyLessons.java:541) - Enter Text In Collection Name Input: 1234^@&%&*™
[17:40:34] DEBUG (Page.java:235) - Wait until element will be clickable. By.id: collection_name
[17:40:34] DEBUG (Page.java:235) - Try to FIND element  By.id: collection_name
[17:40:35] INFO  (Page.java:263) - Click on element By.xpath: //*[@id='saveButton' and @type='submit']
[17:40:35] INFO  (Page.java:772) - Wait until element By.xpath: //*[@id='saveButton' and @type='submit'] clickable
[17:40:35] DEBUG (Page.java:235) - Trying to click on locator via JS  //*[@id='saveButton' and @type='submit']
[17:40:35] DEBUG (Page.java:235) - Element was clicked via JS  //*[@id='saveButton' and @type='submit']
[17:40:35] DEBUG (MyLessons.java:1081) - Saving collection
[17:40:35] INFO  (Page.java:962) - Wait For JQuery load.
[17:40:35] INFO  (Page.java:968) - Wait For JS load.
[17:41:17] DEBUG (BasicTestCase.java:233) - Finishing test
[17:41:17] TRACE (BasicTestCase.java:234) - Getting selenium logs
[17:41:17] DEBUG (BasicTestCase.java:235) - Finished test
[17:41:17] TRACE (BasicTestCase.java:45) - Starting test verifyCollectionName_US14585
[17:41:17] INFO  (BasicTestCase.java:117) - Setting the browser up
[17:41:17] INFO  (BasicTestCase.java:132) -  Executing on CHROME
[17:41:17] INFO  (BasicTestCase.java:127) - Opening https://trunk.qa-esc.portal.achieve3000.com
[17:41:18] DEBUG (BasicTestCase.java:53) - Browser's set up. Starting test.
[17:41:18] INFO  (LoginPage.java:259) - Login with credentials usda14585.pooh\usda14585.pooh
[17:41:18] INFO  (LoginPage.java:98) - Type in username: usda14585.pooh
[17:41:19] INFO  (LoginPage.java:105) - Type in password: usda14585.pooh
[17:41:24] DEBUG (LoginPage.java:238) - falsehttps://trunk.qa-esc.portal.achieve3000.com/index
[17:41:25] INFO  (Page.java:83) - Try to execute Close Walkme
[17:41:25] DEBUG (Page.java:235) - Try to FIND element  By.id: active_pgm
