[17:24:44] INFO  (AchieveProperties.java:41) - {threadCount=3, retriesCount=0, shortWait=35, gridHost=http://169.254.232.220:4444/wd/hub, headlessMode=false, screenshotsDir=, browserType=chrome, longWait=35, envUrl=https://trunk.qa-esc.portal.achieve3000.com, gridMode=false}
[17:24:44] INFO  (AchieveProperties.java:43) - https://trunk.qa-esc.portal.achieve3000.com
[17:24:44] INFO  (BasicTestCase.java:68) - browser url set from properties file: https://trunk.qa-esc.portal.achieve3000.com
[17:24:44] INFO  (BasicTestCase.java:71) - browser type set from properties file: chrome
[17:24:44] INFO  (BasicTestCase.java:77) - grid mode set from properties file:false
[17:24:44] INFO  (BasicTestCase.java:78) - grid host set from properties file:http://169.254.232.220:4444/wd/hub
[17:24:44] INFO  (BasicTestCase.java:81) - Headless Mode set to false
[17:24:44] DEBUG (BasicTestCase.java:110) - Finished before suite
[17:24:44] TRACE (BasicTestCase.java:46) - Starting test check_US13352_US13353_US13747
[17:24:44] INFO  (BasicTestCase.java:117) - Setting the browser up
[17:24:44] INFO  (BasicTestCase.java:132) -  Executing on CHROME
[17:24:44] INFO  (BasicTestCase.java:127) - Opening https://trunk.qa-esc.portal.achieve3000.com
[17:24:53] DEBUG (BasicTestCase.java:54) - Browser's set up. Starting test.
[17:24:54] INFO  (LoginPage.java:410) - Login with credentials usteach13443.alexdemo\usteach13443.alexdemo
[17:24:54] INFO  (LoginPage.java:104) - Type in username: usteach13443.alexdemo
[17:24:59] INFO  (LoginPage.java:114) - Type in password: usteach13443.alexdemo
[17:24:59] DEBUG (LoginPage.java:247) - falsehttps://trunk.qa-esc.portal.achieve3000.com/index
[17:25:16] INFO  (Page.java:102) - Try to execute Close Walkme
[17:25:17] INFO  (Page.java:847) - Try to execute Close Walkme(NEW)
[17:25:17] INFO  (Page.java:934) - Refreshing page
[17:25:19] INFO  (Page.java:199) - Wait For JS and JQuery load.
[17:25:20] INFO  (Page.java:1492) - Try to execute Close Walkme
[17:25:20] INFO  (Page.java:199) - Wait For JS and JQuery load.
[17:25:20] INFO  (Page.java:1492) - Try to execute Close Walkme
[17:25:22] INFO  (Page.java:1492) - Try to execute Close Walkme
[17:25:28] INFO  (Page.java:199) - Wait For JS and JQuery load.
[17:25:28] INFO  (Page.java:199) - Wait For JS and JQuery load.
[17:25:28] INFO  (Page.java:847) - Try to execute Close Walkme(NEW)
[17:25:31] DEBUG (Page.java:254) - Try to FIND element   .//*[@class = 'report_text'  or @name='rep']
[17:25:32] INFO  (Page.java:270) - Opening Home Page
[17:25:32] INFO  (Page.java:282) - Click on element By.xpath: //*[@href='/home' or contains(@class,'logo-') or @href='/n/']
[17:25:32] INFO  (Page.java:812) - Wait until element By.xpath: //*[@href='/home' or contains(@class,'logo-') or @href='/n/'] clickable
[17:25:33] DEBUG (Page.java:254) - Trying to click on locator via JS  //*[@href='/home' or contains(@class,'logo-') or @href='/n/']
[17:25:33] DEBUG (Page.java:254) - Try to FIND element   //*[@href='/home' or contains(@class,'logo-') or @href='/n/']
[17:25:35] DEBUG (Page.java:254) - Element was clicked via JS  //*[@href='/home' or contains(@class,'logo-') or @href='/n/']
[17:25:39] TRACE (Page.java:371) - Alert not found
[17:25:39] INFO  (Page.java:847) - Try to execute Close Walkme(NEW)
[17:25:39] INFO  (Page.java:934) - Refreshing page
[17:25:41] INFO  (Page.java:199) - Wait For JS and JQuery load.
[17:25:41] INFO  (Page.java:847) - Try to execute Close Walkme(NEW)
[17:25:41] INFO  (Page.java:199) - Wait For JS and JQuery load.
[17:25:42] INFO  (Page.java:1492) - Try to execute Close Walkme
[17:25:43] INFO  (Page.java:199) - Wait For JS and JQuery load.
[17:25:48] INFO  (Page.java:199) - Wait For JS and JQuery load.
[17:25:50] INFO  (Page.java:199) - Wait For JS and JQuery load.
[17:25:52] DEBUG (Page.java:254) - Try to FIND element   .//*[@class = 'report_text'  or @name='rep']
[17:25:53] INFO  (Page.java:270) - Opening Home Page
[17:25:53] INFO  (Page.java:282) - Click on element By.xpath: //*[@href='/home' or contains(@class,'logo-') or @href='/n/']
[17:25:54] INFO  (Page.java:812) - Wait until element By.xpath: //*[@href='/home' or contains(@class,'logo-') or @href='/n/'] clickable
[17:25:54] DEBUG (Page.java:254) - Trying to click on locator via JS  //*[@href='/home' or contains(@class,'logo-') or @href='/n/']
[17:25:55] DEBUG (Page.java:254) - Try to FIND element   //*[@href='/home' or contains(@class,'logo-') or @href='/n/']
[17:25:57] DEBUG (Page.java:254) - Element was clicked via JS  //*[@href='/home' or contains(@class,'logo-') or @href='/n/']
[17:26:01] TRACE (Page.java:371) - Alert not found
[17:26:01] INFO  (Page.java:847) - Try to execute Close Walkme(NEW)
[17:26:01] INFO  (Page.java:934) - Refreshing page
[17:26:03] INFO  (Page.java:199) - Wait For JS and JQuery load.
[17:26:03] INFO  (Page.java:847) - Try to execute Close Walkme(NEW)
[17:26:03] INFO  (Page.java:199) - Wait For JS and JQuery load.
[17:26:04] INFO  (Page.java:199) - Wait For JS and JQuery load.
[17:26:05] INFO  (Page.java:199) - Wait For JS and JQuery load.
[17:26:06] DEBUG (Page.java:254) - Try to FIND element   .//*[@class = 'report_text'  or @name='rep']
[17:26:07] DEBUG (BasicTestCase.java:232) - Finishing test
[17:26:07] TRACE (BasicTestCase.java:233) - Getting selenium logs
[17:26:07] DEBUG (BasicTestCase.java:234) - Finished test
[17:26:07] TRACE (BasicTestCase.java:46) - Starting test check_US13352_US13353_US13747
[17:26:07] INFO  (BasicTestCase.java:117) - Setting the browser up
[17:26:07] INFO  (BasicTestCase.java:132) -  Executing on CHROME
[17:26:07] INFO  (BasicTestCase.java:127) - Opening https://trunk.qa-esc.portal.achieve3000.com
[17:26:08] DEBUG (BasicTestCase.java:54) - Browser's set up. Starting test.
[17:26:08] INFO  (LoginPage.java:410) - Login with credentials ukteach13352.alexdemo\ukteach13352.alexdemo
[17:26:08] INFO  (LoginPage.java:104) - Type in username: ukteach13352.alexdemo
[17:26:13] INFO  (LoginPage.java:114) - Type in password: ukteach13352.alexdemo
[17:26:14] DEBUG (LoginPage.java:247) - falsehttps://trunk.qa-esc.portal.achieve3000.com/index
[17:26:14] INFO  (Page.java:102) - Try to execute Close Walkme
[17:26:14] INFO  (Page.java:847) - Try to execute Close Walkme(NEW)
[17:26:15] DEBUG (Page.java:254) - Try to FIND element  By.id: active_pgm
[17:26:21] INFO  (LoginPage.java:498) -  Stop login 
[17:26:21] INFO  (Page.java:934) - Refreshing page
[17:26:22] INFO  (Page.java:199) - Wait For JS and JQuery load.
[17:26:22] INFO  (Page.java:1492) - Try to execute Close Walkme
[17:26:23] INFO  (Page.java:199) - Wait For JS and JQuery load.
[17:26:23] INFO  (Page.java:1492) - Try to execute Close Walkme
[17:26:23] INFO  (Page.java:1492) - Try to execute Close Walkme
[17:26:29] INFO  (Page.java:199) - Wait For JS and JQuery load.
[17:26:30] INFO  (Page.java:199) - Wait For JS and JQuery load.
[17:26:30] INFO  (Page.java:847) - Try to execute Close Walkme(NEW)
[17:26:31] DEBUG (Page.java:254) - Try to FIND element   .//*[@class = 'report_text'  or @name='rep']
[17:26:32] INFO  (Page.java:270) - Opening Home Page
[17:26:32] INFO  (Page.java:282) - Click on element By.xpath: //*[@href='/home' or contains(@class,'logo-') or @href='/n/']
[17:26:33] INFO  (Page.java:812) - Wait until element By.xpath: //*[@href='/home' or contains(@class,'logo-') or @href='/n/'] clickable
[17:26:33] DEBUG (Page.java:254) - Trying to click on locator via JS  //*[@href='/home' or contains(@class,'logo-') or @href='/n/']
[17:26:34] DEBUG (Page.java:254) - Try to FIND element   //*[@href='/home' or contains(@class,'logo-') or @href='/n/']
[17:26:36] DEBUG (Page.java:254) - Element was clicked via JS  //*[@href='/home' or contains(@class,'logo-') or @href='/n/']
[17:26:40] TRACE (Page.java:371) - Alert not found
[17:26:40] INFO  (Page.java:847) - Try to execute Close Walkme(NEW)
[17:26:40] INFO  (Page.java:934) - Refreshing page
[17:26:42] INFO  (Page.java:199) - Wait For JS and JQuery load.
[17:26:42] INFO  (Page.java:847) - Try to execute Close Walkme(NEW)
[17:26:42] INFO  (Page.java:199) - Wait For JS and JQuery load.
[17:26:42] INFO  (Page.java:1492) - Try to execute Close Walkme
[17:26:44] INFO  (Page.java:199) - Wait For JS and JQuery load.
[17:26:48] INFO  (Page.java:199) - Wait For JS and JQuery load.
[17:26:51] INFO  (Page.java:199) - Wait For JS and JQuery load.
[17:26:52] DEBUG (Page.java:254) - Try to FIND element   .//*[@class = 'report_text'  or @name='rep']
[17:26:53] INFO  (Page.java:270) - Opening Home Page
[17:26:53] INFO  (Page.java:282) - Click on element By.xpath: //*[@href='/home' or contains(@class,'logo-') or @href='/n/']
[17:26:54] INFO  (Page.java:812) - Wait until element By.xpath: //*[@href='/home' or contains(@class,'logo-') or @href='/n/'] clickable
[17:26:54] DEBUG (Page.java:254) - Trying to click on locator via JS  //*[@href='/home' or contains(@class,'logo-') or @href='/n/']
[17:26:54] DEBUG (Page.java:254) - Try to FIND element   //*[@href='/home' or contains(@class,'logo-') or @href='/n/']
[17:26:56] DEBUG (Page.java:254) - Element was clicked via JS  //*[@href='/home' or contains(@class,'logo-') or @href='/n/']
[17:27:00] TRACE (Page.java:371) - Alert not found
[17:27:00] INFO  (Page.java:847) - Try to execute Close Walkme(NEW)
[17:27:01] INFO  (Page.java:934) - Refreshing page
[17:27:02] INFO  (Page.java:199) - Wait For JS and JQuery load.
[17:27:02] INFO  (Page.java:847) - Try to execute Close Walkme(NEW)
[17:27:03] INFO  (Page.java:199) - Wait For JS and JQuery load.
[17:27:04] INFO  (Page.java:199) - Wait For JS and JQuery load.
[17:27:05] INFO  (Page.java:199) - Wait For JS and JQuery load.
[17:27:06] DEBUG (Page.java:254) - Try to FIND element   .//*[@class = 'report_text'  or @name='rep']
[17:27:08] DEBUG (BasicTestCase.java:232) - Finishing test
[17:27:08] TRACE (BasicTestCase.java:233) - Getting selenium logs
[17:27:08] DEBUG (BasicTestCase.java:234) - Finished test
