[17:49:51] INFO  (AchieveProperties.java:41) - {threadCount=3, retriesCount=0, shortWait=35, gridHost=http://169.254.232.220:4444/wd/hub, headlessMode=false, screenshotsDir=, browserType=chrome, longWait=35, envUrl=https://portal.achieve3000.com, gridMode=false}
[17:49:51] INFO  (AchieveProperties.java:43) - https://portal.achieve3000.com
[17:49:51] INFO  (BasicTestCase.java:67) - browser url set from properties file: https://portal.achieve3000.com
[17:49:51] INFO  (BasicTestCase.java:70) - browser type set from properties file: chrome
[17:49:51] INFO  (BasicTestCase.java:76) - grid mode set from properties file:false
[17:49:51] INFO  (BasicTestCase.java:77) - grid host set from properties file:http://169.254.232.220:4444/wd/hub
[17:49:51] INFO  (BasicTestCase.java:80) - Headless Mode set to false
[17:49:51] DEBUG (BasicTestCase.java:110) - Finished before suite
[17:49:51] TRACE (BasicTestCase.java:45) - Starting test verifyDeletionAssigned_US15349
[17:49:51] INFO  (BasicTestCase.java:117) - Setting the browser up
[17:49:51] INFO  (BasicTestCase.java:132) -  Executing on CHROME
[17:49:51] INFO  (BasicTestCase.java:127) - Opening https://portal.achieve3000.com
[17:50:02] DEBUG (BasicTestCase.java:53) - Browser's set up. Starting test.
[17:50:04] INFO  (LoginPage.java:268) - Login with credentials ussa15349.pooh\ussa15349.pooh
[17:50:04] INFO  (LoginPage.java:98) - Type in username: ussa15349.pooh
[17:50:05] INFO  (LoginPage.java:114) - Type in password: ussa15349.pooh
[17:50:05] DEBUG (LoginPage.java:247) - falsehttps://portal.achieve3000.com/index
[17:50:06] INFO  (Page.java:88) - Try to execute Close Walkme
[17:50:07] DEBUG (Page.java:240) - Try to FIND element  By.id: active_pgm
[17:50:12] INFO  (LoginPage.java:428) -  Stop login 
[17:50:12] INFO  (Page.java:812) - Try to execute Close Walkme(NEW)
[17:50:12] INFO  (Page.java:1314) - Opening My Lessons page
[17:50:12] INFO  (Page.java:777) - Wait until element By.xpath: //*[@class='hamburger' or contains(@class,'hamburgerBun')] clickable
[17:50:13] INFO  (Page.java:88) - Try to execute Close Walkme
[17:50:13] INFO  (Page.java:812) - Try to execute Close Walkme(NEW)
[17:50:14] DEBUG (Page.java:1352) - Clicked hamburger menu
[17:50:15] INFO  (Page.java:268) - Click on element By.xpath: //*[(@href='/my_lessons' or @href='/collections') and count(../a)=1]
[17:50:15] INFO  (Page.java:777) - Wait until element By.xpath: //*[(@href='/my_lessons' or @href='/collections') and count(../a)=1] clickable
[17:50:16] DEBUG (Page.java:240) - Trying to click on locator via JS  //*[(@href='/my_lessons' or @href='/collections') and count(../a)=1]
[17:50:18] DEBUG (Page.java:240) - Element was clicked via JS  //*[(@href='/my_lessons' or @href='/collections') and count(../a)=1]
[17:50:22] INFO  (MyLessons.java:507) - Try to delete all exist collections on My Lessons page
[17:50:22] INFO  (MyLessons.java:1097) - Clicked Build Lesson Collection Button
[17:50:22] DEBUG (Page.java:240) - Wait until element will be clickable. By.id: buildButton
[17:50:22] INFO  (Page.java:812) - Try to execute Close Walkme(NEW)
[17:50:22] INFO  (Page.java:812) - Try to execute Close Walkme(NEW)
[17:50:25] INFO  (MyLessons.java:567) - Clicked Create Collection Button
[17:50:26] INFO  (MyLessons.java:572) - Enter Text In Collection Name Input: Collection to delete 15349
[17:50:26] DEBUG (Page.java:240) - Wait until element will be clickable. By.id: collection_name
[17:50:27] DEBUG (Page.java:240) - Try to FIND element  By.id: collection_name
[17:50:28] INFO  (MyLessons.java:579) - Enter Text In Description Input: I am to be deleted :(
[17:50:28] INFO  (MyLessons.java:611) - Click On Add Lesson Button
[17:50:28] DEBUG (Page.java:240) - Wait until element will be clickable. By.id: addLessonButton
[17:50:28] INFO  (Page.java:268) - Click on element By.id: addLessonButton
[17:50:28] INFO  (Page.java:777) - Wait until element By.id: addLessonButton clickable
[17:50:28] DEBUG (Page.java:240) - Trying to click on locator via JS By.id: addLessonButton
[17:50:29] DEBUG (Page.java:240) - Element was clicked via JS By.id: addLessonButton
[17:50:29] DEBUG (Page.java:240) - Wait until element will be clickable.  //div[@class='advancedOptionsBar']/a
[17:50:29] INFO  (SearchWidgetPage.java:46) - Set course News
[17:50:29] INFO  (Page.java:812) - Try to execute Close Walkme(NEW)
[17:50:39] DEBUG (Page.java:240) - Try to FIND element   //*[@href='/kb/search/' or @href='/n/search/' or @data-dropdown='#search-div' or @class='searchIcon']
[17:50:39] DEBUG (Page.java:240) - Wait until element will be clickable.  //*[@href='/kb/search/' or @href='/n/search/' or @data-dropdown='#search-div' or @class='searchIcon']
